#
# A fatal error has been detected by the Java Runtime Environment:
#
#  SIGSEGV (0xb) at pc=0x0000000108032d10, pid=58611, tid=16643
#
# JRE version: Java(TM) SE Runtime Environment (8.0_45-b14) (build 1.8.0_45-b14)
# Java VM: Java HotSpot(TM) 64-Bit Server VM (25.45-b02 mixed mode bsd-amd64 compressed oops)
# Problematic frame:
# V  [libjvm.dylib+0x432d10]
#
# Failed to write core dump. Core dumps have been disabled. To enable core dumping, try "ulimit -c unlimited" before starting Java again
#
# If you would like to submit a bug report, please visit:
#   http://bugreport.java.com/bugreport/crash.jsp
#

---------------  T H R E A D  ---------------

Current thread (0x00007fb3b181c000):  JavaThread "JDWP Transport Listener: dt_socket" daemon [_thread_in_vm, id=16643, stack(0x00000001bf5bc000,0x00000001bf6bc000)]

siginfo: si_signo: 11 (SIGSEGV), si_code: 0 (unknown), si_addr: 0x0000000000000000

Registers:
RAX=0x0000000000000001, RBX=0x00000001bf6bba8b, RCX=0x00000001083fa190, RDX=0x00000001bf6bba8b
RSP=0x00000001bf6bb9d0, RBP=0x00000001bf6bb9e0, RSI=0x00007fb3b181c000, RDI=0x767265732f6c6564
R8 =0x0000000000000000, R9 =0x00007fb3b3200000, R10=0x0000000000000010, R11=0x00007fb3b3200000
R12=0x00007fb3b181c000, R13=0x767265732f6c6564, R14=0x767265732f6c6564, R15=0x00007fb3b0d00b00
RIP=0x0000000108032d10, EFLAGS=0x0000000000010202, ERR=0x0000000000000000
  TRAPNO=0x000000000000000d

Top of Stack: (sp=0x00000001bf6bb9d0)
0x00000001bf6bb9d0:   00000001bf6bba8b 00000001bf6bba8b
0x00000001bf6bb9e0:   00000001bf6bba40 0000000107f430d6
0x00000001bf6bb9f0:   00007fb3b181c000 0000000000000000
0x00000001bf6bba00:   0000000000000000 0000000000000000
0x00000001bf6bba10:   00007fb3b181c000 00007fb3b181c000
0x00000001bf6bba20:   00000001bf6bba8b 00000001bf6bba90
0x00000001bf6bba30:   767265732f6c6564 0000000000000003
0x00000001bf6bba40:   00000001bf6bba60 0000000108b8a780
0x00000001bf6bba50:   0000000000000001 00000001bf6bbb08
0x00000001bf6bba60:   00000001bf6bbad0 0000000108b6f1f3
0x00000001bf6bba70:   00000001bf6bbaa0 00007fb3b0f06300
0x00000001bf6bba80:   0000000400000032 00000004006bbb08
0x00000001bf6bba90:   0000000000000000 0000000000000000
0x00000001bf6bbaa0:   0000000000000000 00000001bf6bbc90
0x00000001bf6bbab0:   0000000108b91e7a 00007fb3b3259d60
0x00000001bf6bbac0:   00000001bf6bbb08 0000000108b9d598
0x00000001bf6bbad0:   00000001bf6bbae0 0000000108b6f2ec
0x00000001bf6bbae0:   00000001bf6bbd00 0000000108b78898
0x00000001bf6bbaf0:   000011d200000013 00000000000f0200
0x00000001bf6bbb00:   00007fb3b3259d80 00000001bf6bbbfe
0x00000001bf6bbb10:   00007fb300000086 00000001bf6bbb20
0x00000001bf6bbb20:   00007fb3000000a6 00000001bf6bbb58
0x00000001bf6bbb30:   0000000000000000 00007f0000000000
0x00000001bf6bbb40:   000011d20000001c 00007fff00000780
0x00000001bf6bbb50:   00000001bf6bbb58 b37f000004000000
0x00000001bf6bbb60:   06000000e88117b3 00003e74696e693c
0x00000001bf6bbb70:   0000005629280300 7f00000100000000
0x00000001bf6bbb80:   000000b09b0cb3b3 565653437465670c
0x00000001bf6bbb90:   0000007365756c61 6176616a4c292812
0x00000001bf6bbba0:   694c2f6c6974752f 28150000003b7473
0x00000001bf6bbbb0:   752f6176616a4c29 7473694c2f6c6974
0x00000001bf6bbbc0:   020000003b3e2a3c b89b0cb3b37f0000 

Instructions: (pc=0x0000000108032d10)
0x0000000108032cf0:   40 48 48 85 c0 75 e0 30 c0 0f b6 c0 5d c3 31 c0
0x0000000108032d00:   5d c3 55 48 89 e5 53 48 83 ec 08 48 85 ff 74 24
0x0000000108032d10:   48 8b 1f 48 85 db 74 1c 48 83 fb 37 74 16 48 8b
0x0000000108032d20:   03 48 89 df ff 50 10 84 c0 b8 00 00 00 00 48 0f 

Register to memory mapping:

RAX=0x0000000000000001 is an unknown value
RBX=0x00000001bf6bba8b is pointing into the stack for thread: 0x00007fb3b181c000
RCX=0x00000001083fa190: UseMembar+0 in /Library/Java/JavaVirtualMachines/jdk1.8.0_45.jdk/Contents/Home/jre/lib/server/libjvm.dylib at 0x0000000107c00000
RDX=0x00000001bf6bba8b is pointing into the stack for thread: 0x00007fb3b181c000
RSP=0x00000001bf6bb9d0 is pointing into the stack for thread: 0x00007fb3b181c000
RBP=0x00000001bf6bb9e0 is pointing into the stack for thread: 0x00007fb3b181c000
RSI=0x00007fb3b181c000 is a thread
RDI=0x767265732f6c6564 is an unknown value
R8 =0x0000000000000000 is an unknown value
R9 =0x00007fb3b3200000 is an unknown value
R10=0x0000000000000010 is an unknown value
R11=0x00007fb3b3200000 is an unknown value
R12=0x00007fb3b181c000 is a thread
R13=0x767265732f6c6564 is an unknown value
R14=0x767265732f6c6564 is an unknown value
R15=0x00007fb3b0d00b00 is an unknown value


Stack: [0x00000001bf5bc000,0x00000001bf6bc000],  sp=0x00000001bf6bb9d0,  free space=1022k
Native frames: (J=compiled Java code, j=interpreted, Vv=VM code, C=native code)
V  [libjvm.dylib+0x432d10]
V  [libjvm.dylib+0x3430d6]
C  [libjdwp.dylib+0x20780]  isMethodSynthetic+0x63
C  [libjdwp.dylib+0x51f3]  methods1+0x10b
C  [libjdwp.dylib+0x52ec]  methodsWithGeneric+0xe
C  [libjdwp.dylib+0xe898]  debugLoop_run+0x1ce
C  [libjdwp.dylib+0x1f6ba]  attachThread+0x4d
V  [libjvm.dylib+0x38401c]
V  [libjvm.dylib+0x549acf]
V  [libjvm.dylib+0x54b1c0]
V  [libjvm.dylib+0x46ea7e]
C  [libsystem_pthread.dylib+0x405a]  _pthread_body+0x83
C  [libsystem_pthread.dylib+0x3fd7]  _pthread_body+0x0
C  [libsystem_pthread.dylib+0x13ed]  thread_start+0xd
C  0x0000000000000000


---------------  P R O C E S S  ---------------

Java Threads: ( => current thread )
  0x00007fb3b4ff6800 JavaThread "DestroyJavaVM" [_thread_blocked, id=4867, stack(0x00000001072bb000,0x00000001073bb000)]
  0x00007fb3b4ff7800 JavaThread "http-nio-8080-Acceptor-0" daemon [_thread_in_native, id=21511, stack(0x00000001c378c000,0x00000001c388c000)]
  0x00007fb3b5c61800 JavaThread "http-nio-8080-ClientPoller-1" daemon [_thread_in_native, id=20747, stack(0x00000001c3689000,0x00000001c3789000)]
  0x00007fb3b69f4800 JavaThread "http-nio-8080-ClientPoller-0" daemon [_thread_in_native, id=13063, stack(0x00000001c3586000,0x00000001c3686000)]
  0x00007fb3b64d1800 JavaThread "NioBlockingSelector.BlockPoller-1" daemon [_thread_in_native, id=12039, stack(0x00000001c2620000,0x00000001c2720000)]
  0x00007fb3b5b0a000 JavaThread "MongoCleaner734518153" daemon [_thread_blocked, id=23299, stack(0x00000001c2ec5000,0x00000001c2fc5000)]
  0x00007fb3b16c4000 JavaThread "cluster-1-localhost:27017" daemon [_thread_blocked, id=22787, stack(0x00000001c2dc2000,0x00000001c2ec2000)]
  0x00007fb3b214d800 JavaThread "container-0" [_thread_blocked, id=22275, stack(0x00000001c2cbf000,0x00000001c2dbf000)]
  0x00007fb3b63bd000 JavaThread "ContainerBackgroundProcessor[StandardEngine[Tomcat].StandardHost[localhost].StandardContext[]]" daemon [_thread_blocked, id=21763, stack(0x00000001c2773000,0x00000001c2873000)]
  0x00007fb3b2808000 JavaThread "Service Thread" daemon [_thread_blocked, id=19715, stack(0x00000001bfbce000,0x00000001bfcce000)]
  0x00007fb3b182b800 JavaThread "C1 CompilerThread2" daemon [_thread_blocked, id=19203, stack(0x00000001bfacb000,0x00000001bfbcb000)]
  0x00007fb3b182a800 JavaThread "C2 CompilerThread1" daemon [_thread_blocked, id=18691, stack(0x00000001bf9c8000,0x00000001bfac8000)]
  0x00007fb3b280a800 JavaThread "C2 CompilerThread0" daemon [_thread_blocked, id=18179, stack(0x00000001bf8c5000,0x00000001bf9c5000)]
  0x00007fb3b2808800 JavaThread "JDWP Command Reader" daemon [_thread_in_native, id=17667, stack(0x00000001bf7c2000,0x00000001bf8c2000)]
  0x00007fb3b181d000 JavaThread "JDWP Event Helper Thread" daemon [_thread_blocked, id=17155, stack(0x00000001bf6bf000,0x00000001bf7bf000)]
=>0x00007fb3b181c000 JavaThread "JDWP Transport Listener: dt_socket" daemon [_thread_in_vm, id=16643, stack(0x00000001bf5bc000,0x00000001bf6bc000)]
  0x00007fb3b103f000 JavaThread "Signal Dispatcher" daemon [_thread_blocked, id=13335, stack(0x00000001bf4b2000,0x00000001bf5b2000)]
  0x00007fb3b1063800 JavaThread "Finalizer" daemon [_thread_blocked, id=11523, stack(0x00000001bda9a000,0x00000001bdb9a000)]
  0x00007fb3b1062800 JavaThread "Reference Handler" daemon [_thread_blocked, id=11011, stack(0x00000001bd997000,0x00000001bda97000)]

Other Threads:
  0x00007fb3b2003000 VMThread [stack: 0x00000001bd894000,0x00000001bd994000] [id=10499]
  0x00007fb3b106c800 WatcherThread [stack: 0x00000001bfcd1000,0x00000001bfdd1000] [id=20227]

VM state:not at safepoint (normal execution)

VM Mutex/Monitor currently owned by a thread: None

Heap:
 PSYoungGen      total 165888K, used 147377K [0x0000000158200000, 0x0000000165300000, 0x0000000178200000)
  eden space 156160K, 88% used [0x0000000158200000,0x00000001608c8db0,0x0000000161a80000)
  from space 9728K, 96% used [0x0000000164980000,0x00000001652a36e0,0x0000000165300000)
  to   space 10752K, 0% used [0x0000000163e00000,0x0000000163e00000,0x0000000164880000)
 ParOldGen       total 47616K, used 10177K [0x0000000118200000, 0x000000011b080000, 0x0000000158200000)
  object space 47616K, 21% used [0x0000000118200000,0x0000000118bf0468,0x000000011b080000)
 Metaspace       used 33534K, capacity 33858K, committed 34304K, reserved 1079296K
  class space    used 4167K, capacity 4250K, committed 4352K, reserved 1048576K

Card table byte_map: [0x0000000178200000,0x0000000178501000] byte_map_base: 0x000000017793f000

Marking Bits: (ParMarkBitMap*) 0x00000001084c27a0
 Begin Bits: [0x0000000178b0d000, 0x000000017a30d000)
 End Bits:   [0x000000017a30d000, 0x000000017bb0d000)

Polling page: 0x0000000108b69000

CodeCache: size=245760Kb used=13024Kb max_used=13035Kb free=232735Kb
 bounds [0x0000000108bcb000, 0x000000010989b000, 0x0000000117bcb000]
 total_blobs=4005 nmethods=3580 adapters=346
 compilation: enabled

Compilation events (10 events):
Event: 113.042 Thread 0x00007fb3b182b800 4026   !   3       sun.nio.ch.SelectorImpl::lockAndDoSelect (72 bytes)
Event: 113.043 Thread 0x00007fb3b182b800 nmethod 4026 0x00000001097effd0 code [0x00000001097f01a0, 0x00000001097f0bf8]
Event: 114.047 Thread 0x00007fb3b182b800 4028       3       sun.nio.ch.SelectorImpl::select (34 bytes)
Event: 114.048 Thread 0x00007fb3b182b800 nmethod 4028 0x00000001097efa10 code [0x00000001097efba0, 0x00000001097efeb8]
Event: 116.560 Thread 0x00007fb3b182b800 4029       3       org.bson.BasicBSONDecoder$BSONInput::_need (273 bytes)
Event: 116.562 Thread 0x00007fb3b182b800 nmethod 4029 0x00000001097eeb90 code [0x00000001097eeda0, 0x00000001097ef5b8]
Event: 116.562 Thread 0x00007fb3b182b800 4030       3       org.bson.io.PoolOutputBuffer::size (8 bytes)
Event: 116.562 Thread 0x00007fb3b182b800 nmethod 4030 0x00000001097ee750 code [0x00000001097ee8c0, 0x00000001097eeab0]
Event: 117.054 Thread 0x00007fb3b182a800 4031       4       java.util.Collections$UnmodifiableCollection::iterator (9 bytes)
Event: 117.056 Thread 0x00007fb3b182a800 nmethod 4031 0x00000001097ee3d0 code [0x00000001097ee520, 0x00000001097ee658]

GC Heap History (10 events):
Event: 2.860 GC heap before
{Heap before GC invocations=5 (full 0):
 PSYoungGen      total 53248K, used 53233K [0x0000000158200000, 0x000000015ba00000, 0x0000000178200000)
  eden space 49152K, 100% used [0x0000000158200000,0x000000015b200000,0x000000015b200000)
  from space 4096K, 99% used [0x000000015b600000,0x000000015b9fc7c8,0x000000015ba00000)
  to   space 4096K, 0% used [0x000000015b200000,0x000000015b200000,0x000000015b600000)
 ParOldGen       total 65536K, used 12492K [0x0000000118200000, 0x000000011c200000, 0x0000000158200000)
  object space 65536K, 19% used [0x0000000118200000,0x0000000118e332a8,0x000000011c200000)
 Metaspace       used 18511K, capacity 18720K, committed 18944K, reserved 1067008K
  class space    used 2246K, capacity 2293K, committed 2304K, reserved 1048576K
Event: 2.872 GC heap after
Heap after GC invocations=5 (full 0):
 PSYoungGen      total 53248K, used 4065K [0x0000000158200000, 0x000000015f200000, 0x0000000178200000)
  eden space 49152K, 0% used [0x0000000158200000,0x0000000158200000,0x000000015b200000)
  from space 4096K, 99% used [0x000000015b200000,0x000000015b5f87d8,0x000000015b600000)
  to   space 8192K, 0% used [0x000000015ea00000,0x000000015ea00000,0x000000015f200000)
 ParOldGen       total 65536K, used 15639K [0x0000000118200000, 0x000000011c200000, 0x0000000158200000)
  object space 65536K, 23% used [0x0000000118200000,0x0000000119145c20,0x000000011c200000)
 Metaspace       used 18511K, capacity 18720K, committed 18944K, reserved 1067008K
  class space    used 2246K, capacity 2293K, committed 2304K, reserved 1048576K
}
Event: 3.367 GC heap before
{Heap before GC invocations=6 (full 0):
 PSYoungGen      total 53248K, used 53217K [0x0000000158200000, 0x000000015f200000, 0x0000000178200000)
  eden space 49152K, 100% used [0x0000000158200000,0x000000015b200000,0x000000015b200000)
  from space 4096K, 99% used [0x000000015b200000,0x000000015b5f87d8,0x000000015b600000)
  to   space 8192K, 0% used [0x000000015ea00000,0x000000015ea00000,0x000000015f200000)
 ParOldGen       total 65536K, used 15639K [0x0000000118200000, 0x000000011c200000, 0x0000000158200000)
  object space 65536K, 23% used [0x0000000118200000,0x0000000119145c20,0x000000011c200000)
 Metaspace       used 19201K, capacity 19410K, committed 19584K, reserved 1067008K
  class space    used 2348K, capacity 2392K, committed 2432K, reserved 1048576K
Event: 3.388 GC heap after
Heap after GC invocations=6 (full 0):
 PSYoungGen      total 105472K, used 8191K [0x0000000158200000, 0x000000015f400000, 0x0000000178200000)
  eden space 97280K, 0% used [0x0000000158200000,0x0000000158200000,0x000000015e100000)
  from space 8192K, 99% used [0x000000015ea00000,0x000000015f1ffcd8,0x000000015f200000)
  to   space 9216K, 0% used [0x000000015e100000,0x000000015e100000,0x000000015ea00000)
 ParOldGen       total 65536K, used 16799K [0x0000000118200000, 0x000000011c200000, 0x0000000158200000)
  object space 65536K, 25% used [0x0000000118200000,0x0000000119267cb0,0x000000011c200000)
 Metaspace       used 19201K, capacity 19410K, committed 19584K, reserved 1067008K
  class space    used 2348K, capacity 2392K, committed 2432K, reserved 1048576K
}
Event: 3.902 GC heap before
{Heap before GC invocations=7 (full 0):
 PSYoungGen      total 105472K, used 28454K [0x0000000158200000, 0x000000015f400000, 0x0000000178200000)
  eden space 97280K, 20% used [0x0000000158200000,0x00000001595c9d90,0x000000015e100000)
  from space 8192K, 99% used [0x000000015ea00000,0x000000015f1ffcd8,0x000000015f200000)
  to   space 9216K, 0% used [0x000000015e100000,0x000000015e100000,0x000000015ea00000)
 ParOldGen       total 65536K, used 16799K [0x0000000118200000, 0x000000011c200000, 0x0000000158200000)
  object space 65536K, 25% used [0x0000000118200000,0x0000000119267cb0,0x000000011c200000)
 Metaspace       used 20829K, capacity 21060K, committed 21296K, reserved 1069056K
  class space    used 2550K, capacity 2619K, committed 2688K, reserved 1048576K
Event: 3.915 GC heap after
Heap after GC invocations=7 (full 0):
 PSYoungGen      total 106496K, used 4087K [0x0000000158200000, 0x0000000165300000, 0x0000000178200000)
  eden space 97280K, 0% used [0x0000000158200000,0x0000000158200000,0x000000015e100000)
  from space 9216K, 44% used [0x000000015e100000,0x000000015e4fde18,0x000000015ea00000)
  to   space 9728K, 0% used [0x0000000164980000,0x0000000164980000,0x0000000165300000)
 ParOldGen       total 65536K, used 19048K [0x0000000118200000, 0x000000011c200000, 0x0000000158200000)
  object space 65536K, 29% used [0x0000000118200000,0x000000011949a000,0x000000011c200000)
 Metaspace       used 20829K, capacity 21060K, committed 21296K, reserved 1069056K
  class space    used 2550K, capacity 2619K, committed 2688K, reserved 1048576K
}
Event: 3.915 GC heap before
{Heap before GC invocations=8 (full 1):
 PSYoungGen      total 106496K, used 4087K [0x0000000158200000, 0x0000000165300000, 0x0000000178200000)
  eden space 97280K, 0% used [0x0000000158200000,0x0000000158200000,0x000000015e100000)
  from space 9216K, 44% used [0x000000015e100000,0x000000015e4fde18,0x000000015ea00000)
  to   space 9728K, 0% used [0x0000000164980000,0x0000000164980000,0x0000000165300000)
 ParOldGen       total 65536K, used 19048K [0x0000000118200000, 0x000000011c200000, 0x0000000158200000)
  object space 65536K, 29% used [0x0000000118200000,0x000000011949a000,0x000000011c200000)
 Metaspace       used 20829K, capacity 21060K, committed 21296K, reserved 1069056K
  class space    used 2550K, capacity 2619K, committed 2688K, reserved 1048576K
Event: 3.968 GC heap after
Heap after GC invocations=8 (full 1):
 PSYoungGen      total 106496K, used 0K [0x0000000158200000, 0x0000000165300000, 0x0000000178200000)
  eden space 97280K, 0% used [0x0000000158200000,0x0000000158200000,0x000000015e100000)
  from space 9216K, 0% used [0x000000015e100000,0x000000015e100000,0x000000015ea00000)
  to   space 9728K, 0% used [0x0000000164980000,0x0000000164980000,0x0000000165300000)
 ParOldGen       total 47616K, used 10169K [0x0000000118200000, 0x000000011b080000, 0x0000000158200000)
  object space 47616K, 21% used [0x0000000118200000,0x0000000118bee468,0x000000011b080000)
 Metaspace       used 20829K, capacity 21060K, committed 21296K, reserved 1069056K
  class space    used 2550K, capacity 2619K, committed 2688K, reserved 1048576K
}
Event: 6.186 GC heap before
{Heap before GC invocations=9 (full 1):
 PSYoungGen      total 106496K, used 97280K [0x0000000158200000, 0x0000000165300000, 0x0000000178200000)
  eden space 97280K, 100% used [0x0000000158200000,0x000000015e100000,0x000000015e100000)
  from space 9216K, 0% used [0x000000015e100000,0x000000015e100000,0x000000015ea00000)
  to   space 9728K, 0% used [0x0000000164980000,0x0000000164980000,0x0000000165300000)
 ParOldGen       total 47616K, used 10169K [0x0000000118200000, 0x000000011b080000, 0x0000000158200000)
  object space 47616K, 21% used [0x0000000118200000,0x0000000118bee468,0x000000011b080000)
 Metaspace       used 26806K, capacity 27048K, committed 27520K, reserved 1073152K
  class space    used 3288K, capacity 3329K, committed 3456K, reserved 1048576K
Event: 6.201 GC heap after
Heap after GC invocations=9 (full 1):
 PSYoungGen      total 165888K, used 9357K [0x0000000158200000, 0x0000000165300000, 0x0000000178200000)
  eden space 156160K, 0% used [0x0000000158200000,0x0000000158200000,0x0000000161a80000)
  from space 9728K, 96% used [0x0000000164980000,0x00000001652a36e0,0x0000000165300000)
  to   space 10752K, 0% used [0x0000000163e00000,0x0000000163e00000,0x0000000164880000)
 ParOldGen       total 47616K, used 10177K [0x0000000118200000, 0x000000011b080000, 0x0000000158200000)
  object space 47616K, 21% used [0x0000000118200000,0x0000000118bf0468,0x000000011b080000)
 Metaspace       used 26806K, capacity 27048K, committed 27520K, reserved 1073152K
  class space    used 3288K, capacity 3329K, committed 3456K, reserved 1048576K
}

Deoptimization events (10 events):
Event: 21.795 Thread 0x00007fb3b1805800 Uncommon trap: reason=unhandled action=none pc=0x00000001091b89b4 method=java.net.URLClassLoader.findClass(Ljava/lang/String;)Ljava/lang/Class; @ 44
Event: 21.797 Thread 0x00007fb3b1805800 Uncommon trap: reason=class_check action=maybe_recompile pc=0x0000000108f863c0 method=java.util.concurrent.CopyOnWriteArrayList.indexOf(Ljava/lang/Object;[Ljava/lang/Object;II)I @ 46
Event: 21.797 Thread 0x00007fb3b1805800 Uncommon trap: reason=class_check action=maybe_recompile pc=0x0000000108f863c0 method=java.util.concurrent.CopyOnWriteArrayList.indexOf(Ljava/lang/Object;[Ljava/lang/Object;II)I @ 46
Event: 21.798 Thread 0x00007fb3b1805800 Uncommon trap: reason=unhandled action=none pc=0x00000001091b89b4 method=java.net.URLClassLoader.findClass(Ljava/lang/String;)Ljava/lang/Class; @ 44
Event: 21.799 Thread 0x00007fb3b1805800 Uncommon trap: reason=unhandled action=none pc=0x00000001091b89b4 method=java.net.URLClassLoader.findClass(Ljava/lang/String;)Ljava/lang/Class; @ 44
Event: 21.802 Thread 0x00007fb3b1805800 Uncommon trap: reason=unhandled action=none pc=0x00000001091b89b4 method=java.net.URLClassLoader.findClass(Ljava/lang/String;)Ljava/lang/Class; @ 44
Event: 21.803 Thread 0x00007fb3b1805800 Uncommon trap: reason=unhandled action=none pc=0x00000001091b89b4 method=java.net.URLClassLoader.findClass(Ljava/lang/String;)Ljava/lang/Class; @ 44
Event: 21.805 Thread 0x00007fb3b1805800 Uncommon trap: reason=unhandled action=none pc=0x00000001091b89b4 method=java.net.URLClassLoader.findClass(Ljava/lang/String;)Ljava/lang/Class; @ 44
Event: 36.043 Thread 0x00007fb3b63bd000 Uncommon trap: reason=unhandled action=none pc=0x00000001091b89b4 method=java.net.URLClassLoader.findClass(Ljava/lang/String;)Ljava/lang/Class; @ 44
Event: 36.044 Thread 0x00007fb3b63bd000 Uncommon trap: reason=unhandled action=none pc=0x00000001091b89b4 method=java.net.URLClassLoader.findClass(Ljava/lang/String;)Ljava/lang/Class; @ 44

Internal exceptions (10 events):
Event: 21.270 Thread 0x00007fb3b1805800 Exception <a 'java/lang/ClassNotFoundException': org/springframework/boot/autoconfigure/jackson/JacksonAutoConfigurationCustomizer> (0x000000015f146ce8) thrown at [/Users/java_re/workspace/8-2-build-macosx-x86_64/jdk8u45/3457/hotspot/src/share/vm/classfil
Event: 21.271 Thread 0x00007fb3b1805800 Exception <a 'java/lang/ClassNotFoundException': org/springframework/boot/autoconfigure/jackson/JacksonAutoConfiguration$$EnhancerBySpringCGLIB$$565af0aCustomizer> (0x000000015f1642b0) thrown at [/Users/java_re/workspace/8-2-build-macosx-x86_64/jdk8u45/34
Event: 21.273 Thread 0x00007fb3b1805800 Exception <a 'java/lang/ClassNotFoundException': java/lang/ObjectCustomizer> (0x000000015f178758) thrown at [/Users/java_re/workspace/8-2-build-macosx-x86_64/jdk8u45/3457/hotspot/src/share/vm/classfile/systemDictionary.cpp, line 210]
Event: 21.274 Thread 0x00007fb3b1805800 Exception <a 'java/lang/ClassNotFoundException': org/springframework/boot/autoconfigure/web/JacksonHttpMessageConvertersConfigurationCustomizer> (0x000000015f194bd8) thrown at [/Users/java_re/workspace/8-2-build-macosx-x86_64/jdk8u45/3457/hotspot/src/shar
Event: 21.275 Thread 0x00007fb3b1805800 Exception <a 'java/lang/ClassNotFoundException': org/springframework/boot/autoconfigure/web/JacksonHttpMessageConvertersConfiguration$$EnhancerBySpringCGLIB$$5d6d6aa0Customizer> (0x000000015f1b4d50) thrown at [/Users/java_re/workspace/8-2-build-macosx-x86
Event: 21.277 Thread 0x00007fb3b1805800 Exception <a 'java/lang/ClassNotFoundException': java/lang/ObjectCustomizer> (0x000000015f1c9568) thrown at [/Users/java_re/workspace/8-2-build-macosx-x86_64/jdk8u45/3457/hotspot/src/share/vm/classfile/systemDictionary.cpp, line 210]
Event: 21.278 Thread 0x00007fb3b1805800 Exception <a 'java/lang/ClassNotFoundException': org/springframework/boot/autoconfigure/data/web/SpringDataWebAutoConfigurationCustomizer> (0x000000015f1e4a38) thrown at [/Users/java_re/workspace/8-2-build-macosx-x86_64/jdk8u45/3457/hotspot/src/share/vm/c
Event: 21.280 Thread 0x00007fb3b1805800 Exception <a 'java/lang/ClassNotFoundException': org/springframework/boot/autoconfigure/data/web/SpringDataWebAutoConfiguration$$EnhancerBySpringCGLIB$$a3723bebCustomizer> (0x000000015f2038b0) thrown at [/Users/java_re/workspace/8-2-build-macosx-x86_64/jd
Event: 21.285 Thread 0x00007fb3b1805800 Exception <a 'java/lang/ClassNotFoundException': java/lang/ObjectCustomizer> (0x000000015f22eca0) thrown at [/Users/java_re/workspace/8-2-build-macosx-x86_64/jdk8u45/3457/hotspot/src/share/vm/classfile/systemDictionary.cpp, line 210]
Event: 21.287 Thread 0x00007fb3b1805800 Exception <a 'java/lang/ClassNotFoundException': org/springframework/web/multipart/support/StandardServletMultipartResolverCustomizer> (0x000000015f2494d8) thrown at [/Users/java_re/workspace/8-2-build-macosx-x86_64/jdk8u45/3457/hotspot/src/share/vm/class

Events (10 events):
Event: 36.044 loading class org/apache/tomcat/PeriodicEventListener
Event: 36.044 loading class org/apache/tomcat/PeriodicEventListener done
Event: 36.044 Thread 0x00007fb3b63bd000 Uncommon trap: trap_request=0xffffffa7 fr.pc=0x00000001091b89b4
Event: 36.044 Thread 0x00007fb3b63bd000 DEOPT PACKING pc=0x00000001091b89b4 sp=0x00000001c28716d0
Event: 36.044 Thread 0x00007fb3b63bd000 DEOPT UNPACKING pc=0x0000000108bd0229 sp=0x00000001c28715c8 mode 2
Event: 46.493 Thread 0x00007fb3b182b800 flushing nmethod 0x0000000108e941d0
Event: 66.511 Thread 0x00007fb3b182b800 flushing nmethod 0x000000010940e390
Event: 66.511 Thread 0x00007fb3b182b800 flushing nmethod 0x000000010940eb50
Event: 117.262 Executing VM operation: RedefineClasses
Event: 117.298 Executing VM operation: RedefineClasses done


Dynamic libraries:
0x0000000004aed000 	/System/Library/Frameworks/Cocoa.framework/Versions/A/Cocoa
0x0000000004aed000 	/System/Library/Frameworks/Security.framework/Versions/A/Security
0x0000000004aed000 	/System/Library/Frameworks/ApplicationServices.framework/Versions/A/ApplicationServices
0x0000000004aed000 	/usr/lib/libz.1.dylib
0x0000000004aed000 	/usr/lib/libSystem.B.dylib
0x0000000004aed000 	/usr/lib/libobjc.A.dylib
0x0000000004aed000 	/System/Library/Frameworks/CoreFoundation.framework/Versions/A/CoreFoundation
0x0000000004aed000 	/System/Library/Frameworks/Foundation.framework/Versions/C/Foundation
0x0000000004aed000 	/System/Library/Frameworks/AppKit.framework/Versions/C/AppKit
0x0000000004aed000 	/System/Library/Frameworks/CoreData.framework/Versions/A/CoreData
0x0000000004aed000 	/System/Library/PrivateFrameworks/RemoteViewServices.framework/Versions/A/RemoteViewServices
0x0000000004aed000 	/System/Library/PrivateFrameworks/UIFoundation.framework/Versions/A/UIFoundation
0x0000000004aed000 	/System/Library/Frameworks/IOSurface.framework/Versions/A/IOSurface
0x0000000004aed000 	/System/Library/Frameworks/AudioToolbox.framework/Versions/A/AudioToolbox
0x0000000004aed000 	/System/Library/Frameworks/AudioUnit.framework/Versions/A/AudioUnit
0x0000000004aed000 	/System/Library/PrivateFrameworks/DataDetectorsCore.framework/Versions/A/DataDetectorsCore
0x0000000004aed000 	/System/Library/PrivateFrameworks/DesktopServicesPriv.framework/Versions/A/DesktopServicesPriv
0x0000000004aed000 	/System/Library/Frameworks/Carbon.framework/Versions/A/Frameworks/HIToolbox.framework/Versions/A/HIToolbox
0x0000000004aed000 	/System/Library/Frameworks/QuartzCore.framework/Versions/A/QuartzCore
0x0000000004aed000 	/System/Library/Frameworks/Carbon.framework/Versions/A/Frameworks/SpeechRecognition.framework/Versions/A/SpeechRecognition
0x0000000004aed000 	/usr/lib/libauto.dylib
0x0000000004aed000 	/usr/lib/libicucore.A.dylib
0x0000000004aed000 	/usr/lib/libxml2.2.dylib
0x0000000004aed000 	/System/Library/PrivateFrameworks/CoreUI.framework/Versions/A/CoreUI
0x0000000004aed000 	/System/Library/Frameworks/CoreAudio.framework/Versions/A/CoreAudio
0x0000000004aed000 	/System/Library/Frameworks/DiskArbitration.framework/Versions/A/DiskArbitration
0x0000000004aed000 	/usr/lib/liblangid.dylib
0x0000000004aed000 	/System/Library/PrivateFrameworks/MultitouchSupport.framework/Versions/A/MultitouchSupport
0x0000000004aed000 	/System/Library/Frameworks/IOKit.framework/Versions/A/IOKit
0x0000000004aed000 	/usr/lib/libDiagnosticMessagesClient.dylib
0x0000000004aed000 	/System/Library/Frameworks/CoreServices.framework/Versions/A/CoreServices
0x0000000004aed000 	/System/Library/PrivateFrameworks/PerformanceAnalysis.framework/Versions/A/PerformanceAnalysis
0x0000000004aed000 	/System/Library/PrivateFrameworks/GenerationalStorage.framework/Versions/A/GenerationalStorage
0x0000000004aed000 	/System/Library/Frameworks/OpenGL.framework/Versions/A/OpenGL
0x0000000004aed000 	/System/Library/PrivateFrameworks/Sharing.framework/Versions/A/Sharing
0x0000000004aed000 	/System/Library/Frameworks/CoreGraphics.framework/Versions/A/CoreGraphics
0x0000000004aed000 	/System/Library/Frameworks/CoreText.framework/Versions/A/CoreText
0x0000000004aed000 	/System/Library/Frameworks/ImageIO.framework/Versions/A/ImageIO
0x0000000004aed000 	/usr/lib/libextension.dylib
0x0000000004aed000 	/System/Library/PrivateFrameworks/Backup.framework/Versions/A/Backup
0x0000000004aed000 	/usr/lib/libarchive.2.dylib
0x0000000004aed000 	/System/Library/Frameworks/CFNetwork.framework/Versions/A/CFNetwork
0x0000000004aed000 	/System/Library/Frameworks/SystemConfiguration.framework/Versions/A/SystemConfiguration
0x0000000004aed000 	/usr/lib/libCRFSuite.dylib
0x0000000004aed000 	/usr/lib/libc++.1.dylib
0x0000000004aed000 	/usr/lib/libc++abi.dylib
0x0000000004aed000 	/usr/lib/system/libcache.dylib
0x0000000004aed000 	/usr/lib/system/libcommonCrypto.dylib
0x0000000004aed000 	/usr/lib/system/libcompiler_rt.dylib
0x0000000004aed000 	/usr/lib/system/libcopyfile.dylib
0x0000000004aed000 	/usr/lib/system/libcorecrypto.dylib
0x0000000004aed000 	/usr/lib/system/libdispatch.dylib
0x0000000004aed000 	/usr/lib/system/libdyld.dylib
0x0000000004aed000 	/usr/lib/system/libkeymgr.dylib
0x0000000004aed000 	/usr/lib/system/liblaunch.dylib
0x0000000004aed000 	/usr/lib/system/libmacho.dylib
0x0000000004aed000 	/usr/lib/system/libquarantine.dylib
0x0000000004aed000 	/usr/lib/system/libremovefile.dylib
0x0000000004aed000 	/usr/lib/system/libsystem_asl.dylib
0x0000000004aed000 	/usr/lib/system/libsystem_blocks.dylib
0x0000000004aed000 	/usr/lib/system/libsystem_c.dylib
0x0000000004aed000 	/usr/lib/system/libsystem_configuration.dylib
0x0000000004aed000 	/usr/lib/system/libsystem_coreservices.dylib
0x0000000004aed000 	/usr/lib/system/libsystem_coretls.dylib
0x0000000004aed000 	/usr/lib/system/libsystem_dnssd.dylib
0x0000000004aed000 	/usr/lib/system/libsystem_info.dylib
0x0000000004aed000 	/usr/lib/system/libsystem_kernel.dylib
0x0000000004aed000 	/usr/lib/system/libsystem_m.dylib
0x0000000004aed000 	/usr/lib/system/libsystem_malloc.dylib
0x0000000004aed000 	/usr/lib/system/libsystem_network.dylib
0x0000000004aed000 	/usr/lib/system/libsystem_networkextension.dylib
0x0000000004aed000 	/usr/lib/system/libsystem_notify.dylib
0x0000000004aed000 	/usr/lib/system/libsystem_platform.dylib
0x0000000004aed000 	/usr/lib/system/libsystem_pthread.dylib
0x0000000004aed000 	/usr/lib/system/libsystem_sandbox.dylib
0x0000000004aed000 	/usr/lib/system/libsystem_secinit.dylib
0x0000000004aed000 	/usr/lib/system/libsystem_stats.dylib
0x0000000004aed000 	/usr/lib/system/libsystem_trace.dylib
0x0000000004aed000 	/usr/lib/system/libunc.dylib
0x0000000004aed000 	/usr/lib/system/libunwind.dylib
0x0000000004aed000 	/usr/lib/system/libxpc.dylib
0x0000000004aed000 	/usr/lib/libbz2.1.0.dylib
0x0000000004aed000 	/usr/lib/liblzma.5.dylib
0x0000000004aed000 	/usr/lib/libbsm.0.dylib
0x0000000004aed000 	/usr/lib/libsqlite3.dylib
0x0000000004aed000 	/usr/lib/system/libkxld.dylib
0x0000000004aed000 	/usr/lib/libxar.1.dylib
0x0000000004aed000 	/usr/lib/libpam.2.dylib
0x0000000004aed000 	/usr/lib/libOpenScriptingUtil.dylib
0x0000000004aed000 	/System/Library/Frameworks/CoreServices.framework/Versions/A/Frameworks/FSEvents.framework/Versions/A/FSEvents
0x0000000004aed000 	/System/Library/Frameworks/CoreServices.framework/Versions/A/Frameworks/CarbonCore.framework/Versions/A/CarbonCore
0x0000000004aed000 	/System/Library/Frameworks/CoreServices.framework/Versions/A/Frameworks/Metadata.framework/Versions/A/Metadata
0x0000000004aed000 	/System/Library/Frameworks/CoreServices.framework/Versions/A/Frameworks/OSServices.framework/Versions/A/OSServices
0x0000000004aed000 	/System/Library/Frameworks/CoreServices.framework/Versions/A/Frameworks/SearchKit.framework/Versions/A/SearchKit
0x0000000004aed000 	/System/Library/Frameworks/CoreServices.framework/Versions/A/Frameworks/AE.framework/Versions/A/AE
0x0000000004aed000 	/System/Library/Frameworks/CoreServices.framework/Versions/A/Frameworks/LaunchServices.framework/Versions/A/LaunchServices
0x0000000004aed000 	/System/Library/Frameworks/CoreServices.framework/Versions/A/Frameworks/DictionaryServices.framework/Versions/A/DictionaryServices
0x0000000004aed000 	/System/Library/Frameworks/NetFS.framework/Versions/A/NetFS
0x0000000004aed000 	/System/Library/PrivateFrameworks/NetAuth.framework/Versions/A/NetAuth
0x0000000004aed000 	/System/Library/PrivateFrameworks/login.framework/Versions/A/Frameworks/loginsupport.framework/Versions/A/loginsupport
0x0000000004aed000 	/System/Library/PrivateFrameworks/TCC.framework/Versions/A/TCC
0x0000000004aed000 	/usr/lib/libmecabra.dylib
0x0000000004aed000 	/System/Library/Frameworks/ApplicationServices.framework/Versions/A/Frameworks/ATS.framework/Versions/A/ATS
0x0000000004aed000 	/System/Library/Frameworks/ApplicationServices.framework/Versions/A/Frameworks/ColorSync.framework/Versions/A/ColorSync
0x0000000004aed000 	/System/Library/Frameworks/ApplicationServices.framework/Versions/A/Frameworks/HIServices.framework/Versions/A/HIServices
0x0000000004aed000 	/System/Library/Frameworks/ApplicationServices.framework/Versions/A/Frameworks/LangAnalysis.framework/Versions/A/LangAnalysis
0x0000000004aed000 	/System/Library/Frameworks/ApplicationServices.framework/Versions/A/Frameworks/PrintCore.framework/Versions/A/PrintCore
0x0000000004aed000 	/System/Library/Frameworks/ApplicationServices.framework/Versions/A/Frameworks/QD.framework/Versions/A/QD
0x0000000004aed000 	/System/Library/Frameworks/ApplicationServices.framework/Versions/A/Frameworks/SpeechSynthesis.framework/Versions/A/SpeechSynthesis
0x0000000004aed000 	/System/Library/Frameworks/Accelerate.framework/Versions/A/Accelerate
0x0000000004aed000 	/System/Library/Frameworks/Accelerate.framework/Versions/A/Frameworks/vImage.framework/Versions/A/vImage
0x0000000004aed000 	/System/Library/Frameworks/Accelerate.framework/Versions/A/Frameworks/vecLib.framework/Versions/A/vecLib
0x0000000004aed000 	/System/Library/Frameworks/Accelerate.framework/Versions/A/Frameworks/vecLib.framework/Versions/A/libvDSP.dylib
0x0000000004aed000 	/System/Library/Frameworks/Accelerate.framework/Versions/A/Frameworks/vecLib.framework/Versions/A/libvMisc.dylib
0x0000000004aed000 	/System/Library/Frameworks/Accelerate.framework/Versions/A/Frameworks/vecLib.framework/Versions/A/libLAPACK.dylib
0x0000000004aed000 	/System/Library/Frameworks/Accelerate.framework/Versions/A/Frameworks/vecLib.framework/Versions/A/libBLAS.dylib
0x0000000004aed000 	/System/Library/Frameworks/Accelerate.framework/Versions/A/Frameworks/vecLib.framework/Versions/A/libLinearAlgebra.dylib
0x0000000004aed000 	/System/Library/Frameworks/ApplicationServices.framework/Versions/A/Frameworks/ATS.framework/Versions/A/Resources/libFontParser.dylib
0x0000000004aed000 	/System/Library/Frameworks/ApplicationServices.framework/Versions/A/Frameworks/ATS.framework/Versions/A/Resources/libFontRegistry.dylib
0x0000000004aed000 	/System/Library/PrivateFrameworks/AppleVPA.framework/Versions/A/AppleVPA
0x0000000004aed000 	/System/Library/PrivateFrameworks/AppleJPEG.framework/Versions/A/AppleJPEG
0x0000000004aed000 	/System/Library/Frameworks/ImageIO.framework/Versions/A/Resources/libJPEG.dylib
0x0000000004aed000 	/System/Library/Frameworks/ImageIO.framework/Versions/A/Resources/libTIFF.dylib
0x0000000004aed000 	/System/Library/Frameworks/ImageIO.framework/Versions/A/Resources/libPng.dylib
0x0000000004aed000 	/System/Library/Frameworks/ImageIO.framework/Versions/A/Resources/libGIF.dylib
0x0000000004aed000 	/System/Library/Frameworks/ImageIO.framework/Versions/A/Resources/libJP2.dylib
0x0000000004aed000 	/System/Library/Frameworks/ImageIO.framework/Versions/A/Resources/libRadiance.dylib
0x0000000004aed000 	/System/Library/Frameworks/CoreVideo.framework/Versions/A/CoreVideo
0x0000000004aed000 	/System/Library/Frameworks/OpenGL.framework/Versions/A/Libraries/libGLU.dylib
0x0000000004aed000 	/System/Library/Frameworks/OpenGL.framework/Versions/A/Libraries/libGFXShared.dylib
0x0000000004aed000 	/System/Library/Frameworks/OpenGL.framework/Versions/A/Libraries/libGL.dylib
0x0000000004aed000 	/System/Library/Frameworks/OpenGL.framework/Versions/A/Libraries/libGLImage.dylib
0x0000000004aed000 	/System/Library/Frameworks/OpenGL.framework/Versions/A/Libraries/libCVMSPluginSupport.dylib
0x0000000004aed000 	/System/Library/Frameworks/OpenGL.framework/Versions/A/Libraries/libCoreVMClient.dylib
0x0000000004aed000 	/usr/lib/libcups.2.dylib
0x0000000004aed000 	/System/Library/Frameworks/Kerberos.framework/Versions/A/Kerberos
0x0000000004aed000 	/System/Library/Frameworks/GSS.framework/Versions/A/GSS
0x0000000004aed000 	/usr/lib/libresolv.9.dylib
0x0000000004aed000 	/usr/lib/libiconv.2.dylib
0x0000000004aed000 	/System/Library/PrivateFrameworks/Heimdal.framework/Versions/A/Heimdal
0x0000000004aed000 	/usr/lib/libheimdal-asn1.dylib
0x0000000004aed000 	/System/Library/Frameworks/OpenDirectory.framework/Versions/A/OpenDirectory
0x0000000004aed000 	/System/Library/PrivateFrameworks/CommonAuth.framework/Versions/A/CommonAuth
0x0000000004aed000 	/System/Library/Frameworks/OpenDirectory.framework/Versions/A/Frameworks/CFOpenDirectory.framework/Versions/A/CFOpenDirectory
0x0000000004aed000 	/System/Library/Frameworks/SecurityFoundation.framework/Versions/A/SecurityFoundation
0x0000000004aed000 	/System/Library/PrivateFrameworks/LanguageModeling.framework/Versions/A/LanguageModeling
0x0000000004aed000 	/usr/lib/libcmph.dylib
0x0000000004aed000 	/System/Library/Frameworks/ServiceManagement.framework/Versions/A/ServiceManagement
0x0000000004aed000 	/usr/lib/libxslt.1.dylib
0x0000000004aed000 	/System/Library/Frameworks/Carbon.framework/Versions/A/Frameworks/Ink.framework/Versions/A/Ink
0x0000000004aed000 	/System/Library/Frameworks/QuartzCore.framework/Versions/A/Frameworks/CoreImage.framework/Versions/A/CoreImage
0x0000000004aed000 	/System/Library/PrivateFrameworks/CrashReporterSupport.framework/Versions/A/CrashReporterSupport
0x0000000004aed000 	/System/Library/Frameworks/OpenCL.framework/Versions/A/OpenCL
0x0000000004aed000 	/System/Library/PrivateFrameworks/FaceCore.framework/Versions/A/FaceCore
0x0000000004aed000 	/System/Library/PrivateFrameworks/Ubiquity.framework/Versions/A/Ubiquity
0x0000000004aed000 	/System/Library/PrivateFrameworks/IconServices.framework/Versions/A/IconServices
0x0000000004aed000 	/System/Library/PrivateFrameworks/ChunkingLibrary.framework/Versions/A/ChunkingLibrary
0x0000000004aed000 	/System/Library/PrivateFrameworks/Apple80211.framework/Versions/A/Apple80211
0x0000000004aed000 	/System/Library/Frameworks/CoreWLAN.framework/Versions/A/CoreWLAN
0x0000000004aed000 	/System/Library/Frameworks/IOBluetooth.framework/Versions/A/IOBluetooth
0x0000000004aed000 	/System/Library/PrivateFrameworks/CoreWiFi.framework/Versions/A/CoreWiFi
0x0000000004aed000 	/System/Library/Frameworks/CoreBluetooth.framework/Versions/A/CoreBluetooth
0x0000000004aed000 	/System/Library/PrivateFrameworks/DebugSymbols.framework/Versions/A/DebugSymbols
0x0000000004aed000 	/System/Library/PrivateFrameworks/CoreSymbolication.framework/Versions/A/CoreSymbolication
0x0000000004aed000 	/System/Library/PrivateFrameworks/Symbolication.framework/Versions/A/Symbolication
0x0000000004aed000 	/System/Library/PrivateFrameworks/SpeechRecognitionCore.framework/Versions/A/SpeechRecognitionCore
0x0000000107c00000 	/Library/Java/JavaVirtualMachines/jdk1.8.0_45.jdk/Contents/Home/jre/lib/server/libjvm.dylib
0x0000000004aed000 	/usr/lib/libstdc++.6.dylib
0x00000001073bd000 	/Library/Java/JavaVirtualMachines/jdk1.8.0_45.jdk/Contents/Home/jre/lib/libverify.dylib
0x00000001073cb000 	/Library/Java/JavaVirtualMachines/jdk1.8.0_45.jdk/Contents/Home/jre/lib/libjava.dylib
0x0000000108b6a000 	/Library/Java/JavaVirtualMachines/jdk1.8.0_45.jdk/Contents/Home/jre/lib/libjdwp.dylib
0x0000000108bb5000 	/Library/Java/JavaVirtualMachines/jdk1.8.0_45.jdk/Contents/Home/jre/lib/libnpt.dylib
0x0000000108bc2000 	/Library/Java/JavaVirtualMachines/jdk1.8.0_45.jdk/Contents/Home/jre/lib/libzip.dylib
0x00000001bdb9c000 	/System/Library/Frameworks/JavaVM.framework/Frameworks/JavaRuntimeSupport.framework/JavaRuntimeSupport
0x00000001bdbb4000 	/System/Library/Frameworks/JavaVM.framework/Versions/A/Frameworks/JavaNativeFoundation.framework/Versions/A/JavaNativeFoundation
0x0000000117ff2000 	/System/Library/Frameworks/JavaVM.framework/Versions/A/JavaVM
0x0000000004aed000 	/System/Library/Frameworks/Carbon.framework/Versions/A/Carbon
0x00000001bdbc9000 	/System/Library/PrivateFrameworks/JavaLaunching.framework/Versions/A/JavaLaunching
0x0000000004aed000 	/System/Library/Frameworks/Carbon.framework/Versions/A/Frameworks/CommonPanels.framework/Versions/A/CommonPanels
0x0000000004aed000 	/System/Library/Frameworks/Carbon.framework/Versions/A/Frameworks/Help.framework/Versions/A/Help
0x0000000004aed000 	/System/Library/Frameworks/Carbon.framework/Versions/A/Frameworks/ImageCapture.framework/Versions/A/ImageCapture
0x0000000004aed000 	/System/Library/Frameworks/Carbon.framework/Versions/A/Frameworks/OpenScripting.framework/Versions/A/OpenScripting
0x0000000004aed000 	/System/Library/Frameworks/Carbon.framework/Versions/A/Frameworks/Print.framework/Versions/A/Print
0x0000000004aed000 	/System/Library/Frameworks/Carbon.framework/Versions/A/Frameworks/SecurityHI.framework/Versions/A/SecurityHI
0x00000001bf5b4000 	/Library/Java/JavaVirtualMachines/jdk1.8.0_45.jdk/Contents/Home/jre/lib/libdt_socket.dylib
0x00000001bffb9000 	/Library/Java/JavaVirtualMachines/jdk1.8.0_45.jdk/Contents/Home/jre/lib/libmanagement.dylib
0x00000001bffc6000 	/Library/Java/JavaVirtualMachines/jdk1.8.0_45.jdk/Contents/Home/jre/lib/libnet.dylib
0x00000001c0191000 	/Library/Java/JavaVirtualMachines/jdk1.8.0_45.jdk/Contents/Home/jre/lib/libnio.dylib

VM Arguments:
jvm_args: -agentlib:jdwp=transport=dt_socket,suspend=y,address=localhost:60234 -Dfile.encoding=UTF-8 
java_command: com.sjcdigital.obras.ObrasApplication
java_class_path (initial): /Users/pedro-hos/Documents/workspace/transparencia_sjc/obras/obras-server/target/classes:/Users/pedro-hos/.m2/repository/org/springframework/boot/spring-boot-starter/1.3.3.RELEASE/spring-boot-starter-1.3.3.RELEASE.jar:/Users/pedro-hos/.m2/repository/org/springframework/boot/spring-boot/1.3.3.RELEASE/spring-boot-1.3.3.RELEASE.jar:/Users/pedro-hos/.m2/repository/org/springframework/spring-core/4.2.5.RELEASE/spring-core-4.2.5.RELEASE.jar:/Users/pedro-hos/.m2/repository/org/springframework/spring-context/4.2.5.RELEASE/spring-context-4.2.5.RELEASE.jar:/Users/pedro-hos/.m2/repository/org/springframework/spring-aop/4.2.5.RELEASE/spring-aop-4.2.5.RELEASE.jar:/Users/pedro-hos/.m2/repository/aopalliance/aopalliance/1.0/aopalliance-1.0.jar:/Users/pedro-hos/.m2/repository/org/springframework/spring-beans/4.2.5.RELEASE/spring-beans-4.2.5.RELEASE.jar:/Users/pedro-hos/.m2/repository/org/springframework/spring-expression/4.2.5.RELEASE/spring-expression-4.2.5.RELEASE.jar:/Users/pedro-hos/.m2/repository/org/springframework/boot/spring-boot-autoconfigure/1.3.3.RELEASE/spring-boot-autoconfigure-1.3.3.RELEASE.jar:/Users/pedro-hos/.m2/repository/org/springframework/boot/spring-boot-starter-logging/1.3.3.RELEASE/spring-boot-starter-logging-1.3.3.RELEASE.jar:/Users/pedro-hos/.m2/repository/ch/qos/logback/logback-classic/1.1.5/logback-classic-1.1.5.jar:/Users/pedro-hos/.m2/repository/ch/qos/logback/logback-core/1.1.5/logback-core-1.1.5.jar:/Users/pedro-hos/.m2/repository/org/slf4j/slf4j-api/1.7.16/slf4j-api-1.7.16.jar:/Users/pedro-hos/.m2/repository/org/slf4j/jcl-over-slf4j/1.7.16/jcl-over-slf4j-1.7.16.jar:/Users/pedro-hos/.m2/repository/org/slf4j/jul-to-slf4j/1.7.16/jul-to-slf4j-1.7.16.jar:/Users/pedro-hos/.m2/repository/org/slf4j/log4j-over-slf4j/1.7.16/log4j-over-slf4j-1.7.16.jar:/Users/pedro-hos/.m2/repository/org/yaml/snakeyaml/1.16/snakeyaml-1.16.jar:/Users/pedro-hos/.m2/repository/org/springframework/boot/spring-boot-starter-test/1.3.3.RELEASE/spring-boot
Launcher Type: SUN_STANDARD

Environment Variables:
PATH=/usr/bin:/bin:/usr/sbin:/sbin
SHELL=/bin/bash

Signal Handlers:
SIGSEGV: [libjvm.dylib+0x58ef95], sa_mask[0]=11111111011111110111111111111111, sa_flags=SA_ONSTACK|SA_RESTART|SA_SIGINFO
SIGBUS: [libjvm.dylib+0x58ef95], sa_mask[0]=11111111011111110111111111111111, sa_flags=SA_RESTART|SA_SIGINFO
SIGFPE: [libjvm.dylib+0x46c108], sa_mask[0]=11111111011111110111111111111111, sa_flags=SA_RESTART|SA_SIGINFO
SIGPIPE: [libjvm.dylib+0x46c108], sa_mask[0]=11111111011111110111111111111111, sa_flags=SA_RESTART|SA_SIGINFO
SIGXFSZ: [libjvm.dylib+0x46c108], sa_mask[0]=11111111011111110111111111111111, sa_flags=SA_RESTART|SA_SIGINFO
SIGILL: [libjvm.dylib+0x46c108], sa_mask[0]=11111111011111110111111111111111, sa_flags=SA_RESTART|SA_SIGINFO
SIGUSR1: SIG_DFL, sa_mask[0]=00000000000000000000000000000000, sa_flags=none
SIGUSR2: [libjvm.dylib+0x46bc26], sa_mask[0]=00100000000000000000000000000000, sa_flags=SA_RESTART|SA_SIGINFO
SIGHUP: [libjvm.dylib+0x46a1f9], sa_mask[0]=11111111011111110111111111111111, sa_flags=SA_RESTART|SA_SIGINFO
SIGINT: [libjvm.dylib+0x46a1f9], sa_mask[0]=11111111011111110111111111111111, sa_flags=SA_RESTART|SA_SIGINFO
SIGTERM: [libjvm.dylib+0x46a1f9], sa_mask[0]=11111111011111110111111111111111, sa_flags=SA_RESTART|SA_SIGINFO
SIGQUIT: [libjvm.dylib+0x46a1f9], sa_mask[0]=11111111011111110111111111111111, sa_flags=SA_RESTART|SA_SIGINFO


---------------  S Y S T E M  ---------------

OS:Bsduname:Darwin 14.5.0 Darwin Kernel Version 14.5.0: Mon Jan 11 18:48:35 PST 2016; root:xnu-2782.50.2~1/RELEASE_X86_64 x86_64
rlimit: STACK 8192k, CORE 0k, NPROC 709, NOFILE 10240, AS infinity
load average:1.94 2.28 2.26

CPU:total 4 (2 cores per cpu, 2 threads per core) family 6 model 42 stepping 7, cmov, cx8, fxsr, mmx, sse, sse2, sse3, ssse3, sse4.1, sse4.2, popcnt, avx, aes, clmul, ht, tsc, tscinvbit

Memory: 4k page, physical 6291456k(34380k free)

/proc/meminfo:


vm_info: Java HotSpot(TM) 64-Bit Server VM (25.45-b02) for bsd-amd64 JRE (1.8.0_45-b14), built on Apr 10 2015 10:46:38 by "java_re" with gcc 4.2.1 (Based on Apple Inc. build 5658) (LLVM build 2336.11.00)

time: Wed Apr 13 22:39:03 2016
elapsed time: 117 seconds (0d 0h 1m 57s)

